<?xml version="1.0" encoding="UTF-8"?>
<!-- Generated by org.testng.reporters.JUnitReportReporter -->
<testsuite hostname="DESKTOP-9JCE1NT" failures="0" tests="8" name="Main" time="159.033" errors="0" timestamp="2023-06-18T11:16:43 EEST" skipped="0">
  <testcase classname="Main" name="D_selectPhonesRandomly" time="38.760"/>
  <system-out/>
  <testcase classname="Main" name="F_selectMonitorsandomly" time="15.346"/>
  <system-out/>
  <testcase classname="Main" name="A_signUp" time="15.761"/>
  <system-out/>
  <testcase classname="Main" name="B_signIn" time="15.980"/>
  <system-out/>
  <testcase classname="Main" name="E_selectLaptopsRandomly" time="27.131"/>
  <system-out/>
  <testcase classname="Main" name="C_selectSamsungRandomly" time="29.686"/>
  <system-out/>
  <testcase classname="Main" name="G_screenshot" time="5.959"/>
  <system-out/>
  <testcase classname="Main" name="H_checkOutProcess" time="10.410"/>
  <system-out/>
</testsuite> <!-- Main -->
