<?xml version="1.0" encoding="UTF-8"?>
<!-- Generated by org.testng.reporters.JUnitReportReporter -->
<testsuite hostname="DESKTOP-9JCE1NT" failures="0" tests="7" name="Main" time="144.209" errors="0" timestamp="2023-06-17T10:30:52 EEST" skipped="0">
  <testcase classname="Main" name="E_selectLaptopsRandomly" time="26.476"/>
  <system-out/>
  <testcase classname="Main" name="D_selectPhonesRandomly" time="38.025"/>
  <system-out/>
  <testcase classname="Main" name="A_signUp" time="15.551"/>
  <system-out/>
  <testcase classname="Main" name="F_selectMonitorsandomly" time="14.794"/>
  <system-out/>
  <testcase classname="Main" name="B_signIn" time="15.686"/>
  <system-out/>
  <testcase classname="Main" name="G_checkOutProcess" time="4.950"/>
  <system-out/>
  <testcase classname="Main" name="C_selectSamsungRandomly" time="28.727"/>
  <system-out/>
</testsuite> <!-- Main -->
